2025-06-15 17:36:02 INFO  [http-nio-7000-exec-1] o.a.c.c.C.[Tomcat].[localhost].[/] - Initializing Spring DispatcherServlet 'dispatcherServlet'
2025-06-15 17:36:02 INFO  [http-nio-7000-exec-1] o.s.web.servlet.DispatcherServlet - Initializing Servlet 'dispatcherServlet'
2025-06-15 17:36:02 INFO  [http-nio-7000-exec-1] o.s.web.servlet.DispatcherServlet - Completed initialization in 1 ms
2025-06-15 17:36:02 DEBUG [http-nio-7000-exec-1] o.s.security.web.FilterChainProxy - Securing OPTIONS /api/auth/login
2025-06-15 17:36:02 DEBUG [http-nio-7000-exec-4] o.s.security.web.FilterChainProxy - Securing POST /api/auth/login
2025-06-15 17:36:02 DEBUG [http-nio-7000-exec-4] o.s.s.w.a.AnonymousAuthenticationFilter - Set SecurityContextHolder to anonymous SecurityContext
2025-06-15 17:36:02 DEBUG [http-nio-7000-exec-4] o.s.security.web.FilterChainProxy - Secured POST /api/auth/login
2025-06-15 17:36:03 DEBUG [http-nio-7000-exec-4] org.hibernate.orm.sql.ast.create - Created new SQL alias : t1_0
2025-06-15 17:36:03 DEBUG [http-nio-7000-exec-4] org.hibernate.orm.sql.ast.create - Registration of TableGroup [StandardTableGroup(com.grupo.ista.models.TUsuario(4))] with identifierForTableGroup [com.grupo.ista.models.TUsuario] for NavigablePath [com.grupo.ista.models.TUsuario] 
2025-06-15 17:36:03 DEBUG [http-nio-7000-exec-4] org.hibernate.orm.sql.ast.create - Registration of TableGroup [org.hibernate.sql.ast.tree.from.LazyTableGroup@24821b0a] with identifierForTableGroup [com.grupo.ista.models.TUsuario(4).rol] for NavigablePath [com.grupo.ista.models.TUsuario(4).rol] 
2025-06-15 17:36:03 DEBUG [http-nio-7000-exec-4] o.h.q.s.sql.BaseSqmToSqlAstConverter - Determining mapping-model type for SqmParameter : org.hibernate.query.sqm.tree.expression.SqmJpaCriteriaParameterWrapper@27bc7b50
2025-06-15 17:36:03 DEBUG [http-nio-7000-exec-4] o.h.q.s.sql.BaseSqmToSqlAstConverter - Determining mapping-model type for SqmPath : SqmBasicValuedSimplePath(com.grupo.ista.models.TUsuario(4).correo) 
2025-06-15 17:36:03 DEBUG [http-nio-7000-exec-4] org.hibernate.orm.results.graph.AST - DomainResult Graph:
 \-EntityResultImpl [com.grupo.ista.models.TUsuario(4)]
 |  +-BasicFetch [com.grupo.ista.models.TUsuario(4).clave]
 |  +-BasicFetch [com.grupo.ista.models.TUsuario(4).correo]
 |  +-BasicFetch [com.grupo.ista.models.TUsuario(4).nombre]
 |  +-DelayedCollectionFetch [com.grupo.ista.models.TUsuario(4).registros]
 |  +-CircularFetchImpl [com.grupo.ista.models.TUsuario(4).rol]
 |  \-DelayedCollectionFetch [com.grupo.ista.models.TUsuario(4).rutinas]

2025-06-15 17:36:03 DEBUG [http-nio-7000-exec-4] org.hibernate.orm.sql.ast.tree - SQL AST Tree:
    SelectStatement {
      FromClause {
        StandardTableGroup (t1 : com.grupo.ista.models.TUsuario(4)) {
          primaryTableReference : usuarios as t1_0
          TableGroupJoins {
            left  join LazyTableGroup (r1 : com.grupo.ista.models.TUsuario(4).rol) {
            }
          }
        }
      }
    }

2025-06-15 17:36:03 DEBUG [http-nio-7000-exec-4] org.hibernate.orm.sql.exec - Skipping reading Query result cache data: cache-enabled = false, cache-mode = NORMAL
2025-06-15 17:36:03 DEBUG [http-nio-7000-exec-4] org.hibernate.SQL - select t1_0.id,t1_0.clave,t1_0.correo,t1_0.nombre,t1_0.rol_id from usuarios t1_0 where t1_0.correo=?
2025-06-15 17:36:03 DEBUG [http-nio-7000-exec-4] org.hibernate.orm.results - Initializer list:
	  com.grupo.ista.models.TUsuario(4) -> EntityJoinedFetchInitializer(com.grupo.ista.models.TUsuario(4))@36830318 (SingleTableEntityPersister(com.grupo.ista.models.TUsuario))
	  com.grupo.ista.models.TUsuario(4).rol -> EntitySelectFetchInitializer(com.grupo.ista.models.TUsuario(4).rol)@81426680 (ToOneAttributeMapping(NavigableRole[com.grupo.ista.models.TUsuario.rol])@1660420019)
	  com.grupo.ista.models.TUsuario(4).registros -> DelayedCollectionInitializer(com.grupo.ista.models.TUsuario(4).registros)@529560549 (PluralAttribute(com.grupo.ista.models.TUsuario.registros))
	  com.grupo.ista.models.TUsuario(4).rutinas -> DelayedCollectionInitializer(com.grupo.ista.models.TUsuario(4).rutinas)@1066154954 (PluralAttribute(com.grupo.ista.models.TUsuario.rutinas))

2025-06-15 17:36:03 DEBUG [http-nio-7000-exec-4] org.hibernate.orm.sql.exec - Skipping reading Query result cache data: cache-enabled = false, cache-mode = IGNORE
2025-06-15 17:36:03 DEBUG [http-nio-7000-exec-4] org.hibernate.SQL - select t1_0.id,t1_0.fecha_creacion,t1_0.nombre from roles t1_0 where t1_0.id=?
2025-06-15 17:36:03 DEBUG [http-nio-7000-exec-4] org.hibernate.orm.results - Initializer list:
	  com.grupo.ista.models.TRol.usuarios -> DelayedCollectionInitializer(com.grupo.ista.models.TRol.usuarios)@187800494 (PluralAttribute(com.grupo.ista.models.TRol.usuarios))
	  com.grupo.ista.models.TRol -> EntityJoinedFetchInitializer(com.grupo.ista.models.TRol)@844560536 (SingleTableEntityPersister(com.grupo.ista.models.TRol))

2025-06-15 17:36:03 DEBUG [http-nio-7000-exec-4] o.s.s.a.d.DaoAuthenticationProvider - Authenticated user
2025-06-15 17:36:19 DEBUG [HikariPool-1:housekeeper] com.zaxxer.hikari.pool.HikariPool - HikariPool-1 - Pool stats (total=10/10, idle=10/10, active=0, waiting=0)
2025-06-15 17:36:19 DEBUG [HikariPool-1:housekeeper] com.zaxxer.hikari.pool.HikariPool - HikariPool-1 - Fill pool skipped, pool has sufficient level or currently being filled.
2025-06-15 17:36:49 DEBUG [HikariPool-1:housekeeper] com.zaxxer.hikari.pool.HikariPool - HikariPool-1 - Pool stats (total=10/10, idle=10/10, active=0, waiting=0)
2025-06-15 17:36:49 DEBUG [HikariPool-1:housekeeper] com.zaxxer.hikari.pool.HikariPool - HikariPool-1 - Fill pool skipped, pool has sufficient level or currently being filled.
2025-06-15 17:37:19 DEBUG [HikariPool-1:housekeeper] com.zaxxer.hikari.pool.HikariPool - HikariPool-1 - Pool stats (total=10/10, idle=10/10, active=0, waiting=0)
2025-06-15 17:37:19 DEBUG [HikariPool-1:housekeeper] com.zaxxer.hikari.pool.HikariPool - HikariPool-1 - Fill pool skipped, pool has sufficient level or currently being filled.
2025-06-15 17:37:26 DEBUG [HikariPool-1:housekeeper] com.zaxxer.hikari.pool.HikariPool - HikariPool-1 - keepalive: connection org.postgresql.jdbc.PgConnection@a5f4a97 is alive
2025-06-15 17:37:28 DEBUG [HikariPool-1:housekeeper] com.zaxxer.hikari.pool.HikariPool - HikariPool-1 - keepalive: connection org.postgresql.jdbc.PgConnection@6b26b116 is alive
2025-06-15 17:37:29 DEBUG [HikariPool-1:housekeeper] com.zaxxer.hikari.pool.HikariPool - HikariPool-1 - keepalive: connection org.postgresql.jdbc.PgConnection@e0efeea is alive
2025-06-15 17:37:32 DEBUG [HikariPool-1:housekeeper] com.zaxxer.hikari.pool.HikariPool - HikariPool-1 - keepalive: connection org.postgresql.jdbc.PgConnection@150a1312 is alive
2025-06-15 17:37:33 DEBUG [HikariPool-1:housekeeper] com.zaxxer.hikari.pool.HikariPool - HikariPool-1 - keepalive: connection org.postgresql.jdbc.PgConnection@30ceac0a is alive
2025-06-15 17:37:35 DEBUG [HikariPool-1:housekeeper] com.zaxxer.hikari.pool.HikariPool - HikariPool-1 - keepalive: connection org.postgresql.jdbc.PgConnection@75cc2cd7 is alive
2025-06-15 17:37:38 DEBUG [HikariPool-1:housekeeper] com.zaxxer.hikari.pool.HikariPool - HikariPool-1 - keepalive: connection org.postgresql.jdbc.PgConnection@54afef15 is alive
2025-06-15 17:37:40 DEBUG [HikariPool-1:housekeeper] com.zaxxer.hikari.pool.HikariPool - HikariPool-1 - keepalive: connection org.postgresql.jdbc.PgConnection@50e15345 is alive
2025-06-15 17:37:43 DEBUG [HikariPool-1:housekeeper] com.zaxxer.hikari.pool.HikariPool - HikariPool-1 - keepalive: connection org.postgresql.jdbc.PgConnection@4b59e610 is alive
2025-06-15 17:37:46 DEBUG [HikariPool-1:housekeeper] com.zaxxer.hikari.pool.HikariPool - HikariPool-1 - keepalive: connection org.postgresql.jdbc.PgConnection@1b41fb2 is alive
2025-06-15 17:37:49 DEBUG [HikariPool-1:housekeeper] com.zaxxer.hikari.pool.HikariPool - HikariPool-1 - Pool stats (total=10/10, idle=10/10, active=0, waiting=0)
2025-06-15 17:37:49 DEBUG [HikariPool-1:housekeeper] com.zaxxer.hikari.pool.HikariPool - HikariPool-1 - Fill pool skipped, pool has sufficient level or currently being filled.
2025-06-15 17:38:18 INFO  [SpringApplicationShutdownHook] o.s.b.w.e.tomcat.GracefulShutdown - Commencing graceful shutdown. Waiting for active requests to complete
2025-06-15 17:38:19 INFO  [tomcat-shutdown] o.s.b.w.e.tomcat.GracefulShutdown - Graceful shutdown complete
2025-06-15 17:38:19 INFO  [SpringApplicationShutdownHook] o.s.o.j.LocalContainerEntityManagerFactoryBean - Closing JPA EntityManagerFactory for persistence unit 'default'
2025-06-15 17:38:19 DEBUG [SpringApplicationShutdownHook] o.h.internal.SessionFactoryImpl - HHH000031: Closing
2025-06-15 17:38:19 DEBUG [SpringApplicationShutdownHook] o.h.type.spi.TypeConfiguration$Scope - Un-scoping TypeConfiguration [org.hibernate.type.spi.TypeConfiguration$Scope@286daf1e] from SessionFactory [org.hibernate.internal.SessionFactoryImpl@d37a1a4]
2025-06-15 17:38:19 DEBUG [SpringApplicationShutdownHook] o.h.s.i.AbstractServiceRegistryImpl - Implicitly destroying ServiceRegistry on de-registration of all child ServiceRegistries
2025-06-15 17:38:19 DEBUG [SpringApplicationShutdownHook] o.h.b.r.i.BootstrapServiceRegistryImpl - Implicitly destroying Boot-strap registry on de-registration of all child ServiceRegistries
2025-06-15 17:38:19 INFO  [SpringApplicationShutdownHook] com.zaxxer.hikari.HikariDataSource - HikariPool-1 - Shutdown initiated...
2025-06-15 17:38:19 DEBUG [SpringApplicationShutdownHook] com.zaxxer.hikari.pool.HikariPool - HikariPool-1 - Before shutdown stats (total=10/10, idle=10/10, active=0, waiting=0)
2025-06-15 17:38:19 DEBUG [HikariPool-1:connection-closer] com.zaxxer.hikari.pool.PoolBase - HikariPool-1 - Closing connection org.postgresql.jdbc.PgConnection@1b41fb2: (connection evicted)
2025-06-15 17:38:19 DEBUG [HikariPool-1:connection-closer] com.zaxxer.hikari.pool.PoolBase - HikariPool-1 - Closing connection org.postgresql.jdbc.PgConnection@75cc2cd7: (connection evicted)
2025-06-15 17:38:19 DEBUG [HikariPool-1:connection-closer] com.zaxxer.hikari.pool.PoolBase - HikariPool-1 - Closing connection org.postgresql.jdbc.PgConnection@30ceac0a: (connection evicted)
2025-06-15 17:38:19 DEBUG [HikariPool-1:connection-closer] com.zaxxer.hikari.pool.PoolBase - HikariPool-1 - Closing connection org.postgresql.jdbc.PgConnection@150a1312: (connection evicted)
2025-06-15 17:38:19 DEBUG [HikariPool-1:connection-closer] com.zaxxer.hikari.pool.PoolBase - HikariPool-1 - Closing connection org.postgresql.jdbc.PgConnection@50e15345: (connection evicted)
2025-06-15 17:38:19 DEBUG [HikariPool-1:connection-closer] com.zaxxer.hikari.pool.PoolBase - HikariPool-1 - Closing connection org.postgresql.jdbc.PgConnection@6b26b116: (connection evicted)
2025-06-15 17:38:19 DEBUG [HikariPool-1:connection-closer] com.zaxxer.hikari.pool.PoolBase - HikariPool-1 - Closing connection org.postgresql.jdbc.PgConnection@4b59e610: (connection evicted)
2025-06-15 17:38:19 DEBUG [HikariPool-1:connection-closer] com.zaxxer.hikari.pool.PoolBase - HikariPool-1 - Closing connection org.postgresql.jdbc.PgConnection@e0efeea: (connection evicted)
2025-06-15 17:38:19 DEBUG [HikariPool-1:connection-closer] com.zaxxer.hikari.pool.PoolBase - HikariPool-1 - Closing connection org.postgresql.jdbc.PgConnection@54afef15: (connection evicted)
2025-06-15 17:38:19 DEBUG [HikariPool-1:connection-closer] com.zaxxer.hikari.pool.PoolBase - HikariPool-1 - Closing connection org.postgresql.jdbc.PgConnection@a5f4a97: (connection evicted)
2025-06-15 17:38:19 DEBUG [SpringApplicationShutdownHook] com.zaxxer.hikari.pool.HikariPool - HikariPool-1 - After  shutdown stats (total=0/10, idle=0/10, active=0, waiting=0)
2025-06-15 17:38:19 INFO  [SpringApplicationShutdownHook] com.zaxxer.hikari.HikariDataSource - HikariPool-1 - Shutdown completed.
